{"/Users/k11kirky/Work/AirGrid/edgekit/src/index.ts": {"path":"/Users/k11kirky/Work/AirGrid/edgekit/src/index.ts","statementMap":{"0":{"start":{"line":1,"column":0},"end":{"line":1,"column":35}},"1":{"start":{"line":2,"column":0},"end":{"line":2,"column":45}},"2":{"start":{"line":3,"column":0},"end":{"line":3,"column":51}},"3":{"start":{"line":4,"column":0},"end":{"line":4,"column":42}},"4":{"start":{"line":14,"column":12},"end":{"line":41,"column":2}},"5":{"start":{"line":14,"column":33},"end":{"line":41,"column":2}},"6":{"start":{"line":15,"column":10},"end":{"line":15,"column":54}},"7":{"start":{"line":16,"column":23},"end":{"line":16,"column":null}},"8":{"start":{"line":16,"column":8},"end":{"line":16,"column":null}},"9":{"start":{"line":17,"column":2},"end":{"line":17,"column":33}},"10":{"start":{"line":19,"column":8},"end":{"line":38,"column":44}},"11":{"start":{"line":21,"column":6},"end":{"line":21,"column":69}},"12":{"start":{"line":24,"column":6},"end":{"line":26,"column":null}},"13":{"start":{"line":30,"column":6},"end":{"line":36,"column":8}},"14":{"start":{"line":38,"column":26},"end":{"line":38,"column":43}},"15":{"start":{"line":40,"column":2},"end":{"line":40,"column":54}},"16":{"start":{"line":43,"column":28},"end":{"line":45,"column":1}},"17":{"start":{"line":44,"column":2},"end":{"line":44,"column":40}},"18":{"start":{"line":47,"column":13},"end":{"line":50,"column":2}},"19":{"start":{"line":53,"column":0},"end":{"line":53,"column":28}}},"fnMap":{"0":{"name":"(anonymous_0)","decl":{"start":{"line":14,"column":12},"end":{"line":14,"column":19}},"loc":{"start":{"line":14,"column":33},"end":{"line":41,"column":2}}},"1":{"name":"(anonymous_1)","decl":{"start":{"line":14,"column":33},"end":{"line":14,"column":null}},"loc":{"start":{"line":14,"column":33},"end":{"line":41,"column":2}}},"2":{"name":"(anonymous_3)","decl":{"start":{"line":20,"column":12},"end":{"line":20,"column":13}},"loc":{"start":{"line":20,"column":21},"end":{"line":22,"column":5}}},"3":{"name":"(anonymous_4)","decl":{"start":{"line":23,"column":9},"end":{"line":23,"column":10}},"loc":{"start":{"line":23,"column":18},"end":{"line":28,"column":5}}},"4":{"name":"(anonymous_5)","decl":{"start":{"line":29,"column":9},"end":{"line":29,"column":10}},"loc":{"start":{"line":29,"column":18},"end":{"line":37,"column":5}}},"5":{"name":"(anonymous_6)","decl":{"start":{"line":38,"column":12},"end":{"line":38,"column":13}},"loc":{"start":{"line":38,"column":21},"end":{"line":38,"column":34}}},"6":{"name":"(anonymous_7)","decl":{"start":{"line":43,"column":28},"end":{"line":43,"column":null}},"loc":{"start":{"line":43,"column":28},"end":{"line":45,"column":1}}}},"branchMap":{},"s":{"0":3,"1":3,"2":3,"3":3,"4":3,"5":11,"6":11,"7":11,"8":11,"9":11,"10":11,"11":16,"12":16,"13":16,"14":16,"15":11,"16":3,"17":1,"18":3,"19":3},"f":{"0":11,"1":11,"2":16,"3":16,"4":16,"5":16,"6":1},"b":{}}
,"/Users/k11kirky/Work/AirGrid/edgekit/src/audiences/index.ts": {"path":"/Users/k11kirky/Work/AirGrid/edgekit/src/audiences/index.ts","statementMap":{"0":{"start":{"line":2,"column":0},"end":{"line":2,"column":54}},"1":{"start":{"line":3,"column":0},"end":{"line":3,"column":56}},"2":{"start":{"line":4,"column":0},"end":{"line":4,"column":64}},"3":{"start":{"line":6,"column":20},"end":{"line":6,"column":23}},"4":{"start":{"line":7,"column":25},"end":{"line":7,"column":28}},"5":{"start":{"line":8,"column":20},"end":{"line":8,"column":21}},"6":{"start":{"line":10,"column":13},"end":{"line":17,"column":2}},"7":{"start":{"line":19,"column":13},"end":{"line":26,"column":2}},"8":{"start":{"line":28,"column":13},"end":{"line":35,"column":2}},"9":{"start":{"line":37,"column":13},"end":{"line":41,"column":2}}},"fnMap":{},"branchMap":{},"s":{"0":3,"1":3,"2":3,"3":3,"4":3,"5":3,"6":3,"7":3,"8":3,"9":3},"f":{},"b":{}}
,"/Users/k11kirky/Work/AirGrid/edgekit/src/audiences/interest/automotive/keywords.ts": {"path":"/Users/k11kirky/Work/AirGrid/edgekit/src/audiences/interest/automotive/keywords.ts","statementMap":{"0":{"start":{"line":1,"column":0},"end":{"line":202,"column":2}}},"fnMap":{},"branchMap":{},"s":{"0":3},"f":{},"b":{}}
,"/Users/k11kirky/Work/AirGrid/edgekit/src/audiences/interest/sport/keywords.ts": {"path":"/Users/k11kirky/Work/AirGrid/edgekit/src/audiences/interest/sport/keywords.ts","statementMap":{"0":{"start":{"line":1,"column":0},"end":{"line":202,"column":2}}},"fnMap":{},"branchMap":{},"s":{"0":3},"f":{},"b":{}}
,"/Users/k11kirky/Work/AirGrid/edgekit/src/audiences/interest/travel/keywords.ts": {"path":"/Users/k11kirky/Work/AirGrid/edgekit/src/audiences/interest/travel/keywords.ts","statementMap":{"0":{"start":{"line":1,"column":0},"end":{"line":202,"column":2}}},"fnMap":{},"branchMap":{},"s":{"0":3},"f":{},"b":{}}
,"/Users/k11kirky/Work/AirGrid/edgekit/src/engine/condition.ts": {"path":"/Users/k11kirky/Work/AirGrid/edgekit/src/engine/condition.ts","statementMap":{"0":{"start":{"line":2,"column":0},"end":{"line":2,"column":39}},"1":{"start":{"line":3,"column":0},"end":{"line":3,"column":39}},"2":{"start":{"line":5,"column":24},"end":{"line":5,"column":null}},"3":{"start":{"line":5,"column":56},"end":{"line":30,"column":2}},"4":{"start":{"line":8,"column":28},"end":{"line":8,"column":38}},"5":{"start":{"line":9,"column":28},"end":{"line":16,"column":11}},"6":{"start":{"line":11,"column":6},"end":{"line":14,"column":9}},"7":{"start":{"line":12,"column":30},"end":{"line":12,"column":63}},"8":{"start":{"line":13,"column":8},"end":{"line":13,"column":72}},"9":{"start":{"line":13,"column":41},"end":{"line":13,"column":71}},"10":{"start":{"line":18,"column":22},"end":{"line":27,"column":4}},"11":{"start":{"line":21,"column":20},"end":{"line":21,"column":49}},"12":{"start":{"line":22,"column":18},"end":{"line":22,"column":44}},"13":{"start":{"line":23,"column":20},"end":{"line":23,"column":66}},"14":{"start":{"line":24,"column":19},"end":{"line":24,"column":33}},"15":{"start":{"line":26,"column":4},"end":{"line":26,"column":18}},"16":{"start":{"line":29,"column":2},"end":{"line":29,"column":38}},"17":{"start":{"line":32,"column":0},"end":{"line":32,"column":31}}},"fnMap":{"0":{"name":"(anonymous_0)","decl":{"start":{"line":5,"column":24},"end":{"line":5,"column":25}},"loc":{"start":{"line":5,"column":51},"end":{"line":5,"column":null}}},"1":{"name":"(anonymous_1)","decl":{"start":{"line":5,"column":56},"end":{"line":5,"column":null}},"loc":{"start":{"line":6,"column":23},"end":{"line":30,"column":1}}},"2":{"name":"(anonymous_2)","decl":{"start":{"line":10,"column":9},"end":{"line":10,"column":10}},"loc":{"start":{"line":10,"column":15},"end":{"line":15,"column":5}}},"3":{"name":"(anonymous_3)","decl":{"start":{"line":11,"column":30},"end":{"line":11,"column":31}},"loc":{"start":{"line":11,"column":39},"end":{"line":14,"column":7}}},"4":{"name":"(anonymous_4)","decl":{"start":{"line":13,"column":34},"end":{"line":13,"column":35}},"loc":{"start":{"line":13,"column":36},"end":{"line":13,"column":46}}},"5":{"name":"(anonymous_5)","decl":{"start":{"line":18,"column":32},"end":{"line":18,"column":33}},"loc":{"start":{"line":18,"column":37},"end":{"line":27,"column":3}}}},"branchMap":{},"s":{"0":4,"1":4,"2":4,"3":25,"4":50,"5":25,"6":25,"7":57,"8":57,"9":139,"10":25,"11":25,"12":25,"13":25,"14":25,"15":25,"16":25,"17":4},"f":{"0":25,"1":25,"2":25,"3":57,"4":139,"5":25},"b":{}}
,"/Users/k11kirky/Work/AirGrid/edgekit/src/engine/index.ts": {"path":"/Users/k11kirky/Work/AirGrid/edgekit/src/engine/index.ts","statementMap":{"0":{"start":{"line":2,"column":0},"end":{"line":2,"column":42}},"1":{"start":{"line":3,"column":0},"end":{"line":3,"column":9}},"2":{"start":{"line":19,"column":9},"end":{"line":3,"column":40}},"3":{"start":{"line":5,"column":14},"end":{"line":17,"column":1}},"4":{"start":{"line":8,"column":2},"end":{"line":8,"column":null}},"5":{"start":{"line":10,"column":28},"end":{"line":12,"column":4}},"6":{"start":{"line":11,"column":4},"end":{"line":11,"column":49}},"7":{"start":{"line":14,"column":2},"end":{"line":16,"column":41}},"8":{"start":{"line":19,"column":20},"end":{"line":19,"column":25}}},"fnMap":{"0":{"name":"(anonymous_0)","decl":{"start":{"line":19,"column":9},"end":{"line":19,"column":18}},"loc":{"start":{"line":19,"column":9},"end":{"line":3,"column":40}}},"1":{"name":"(anonymous_1)","decl":{"start":{"line":5,"column":14},"end":{"line":5,"column":null}},"loc":{"start":{"line":8,"column":13},"end":{"line":17,"column":1}}},"2":{"name":"(anonymous_2)","decl":{"start":{"line":10,"column":43},"end":{"line":10,"column":44}},"loc":{"start":{"line":10,"column":53},"end":{"line":12,"column":3}}}},"branchMap":{"0":{"loc":{"start":{"line":8,"column":2},"end":{"line":8,"column":null}},"type":"if","locations":[{"start":{"line":8,"column":2},"end":{"line":8,"column":null}},{"start":{"line":8,"column":2},"end":{"line":8,"column":null}}]},"1":{"loc":{"start":{"line":15,"column":6},"end":{"line":15,"column":38}},"type":"cond-expr","locations":[{"start":{"line":15,"column":6},"end":{"line":15,"column":38}},{"start":{"line":16,"column":6},"end":{"line":16,"column":40}}]}},"s":{"0":4,"1":4,"2":20,"3":4,"4":50,"5":25,"6":25,"7":25,"8":4},"f":{"0":16,"1":25,"2":25},"b":{"0":[25,0],"1":[0,25]}}
,"/Users/k11kirky/Work/AirGrid/edgekit/src/engine/matchers.ts": {"path":"/Users/k11kirky/Work/AirGrid/edgekit/src/engine/matchers.ts","statementMap":{"0":{"start":{"line":7,"column":13},"end":{"line":7,"column":65}},"1":{"start":{"line":7,"column":33},"end":{"line":7,"column":65}},"2":{"start":{"line":7,"column":57},"end":{"line":7,"column":65}},"3":{"start":{"line":9,"column":13},"end":{"line":9,"column":63}},"4":{"start":{"line":9,"column":33},"end":{"line":9,"column":63}},"5":{"start":{"line":9,"column":57},"end":{"line":9,"column":63}},"6":{"start":{"line":11,"column":13},"end":{"line":11,"column":63}},"7":{"start":{"line":11,"column":33},"end":{"line":11,"column":63}},"8":{"start":{"line":11,"column":57},"end":{"line":11,"column":63}},"9":{"start":{"line":13,"column":13},"end":{"line":13,"column":64}},"10":{"start":{"line":13,"column":33},"end":{"line":13,"column":64}},"11":{"start":{"line":13,"column":57},"end":{"line":13,"column":64}},"12":{"start":{"line":15,"column":13},"end":{"line":15,"column":64}},"13":{"start":{"line":15,"column":33},"end":{"line":15,"column":64}},"14":{"start":{"line":15,"column":57},"end":{"line":15,"column":64}}},"fnMap":{"0":{"name":"(anonymous_0)","decl":{"start":{"line":7,"column":18},"end":{"line":7,"column":19}},"loc":{"start":{"line":7,"column":28},"end":{"line":7,"column":34}}},"1":{"name":"(anonymous_1)","decl":{"start":{"line":7,"column":33},"end":{"line":7,"column":34}},"loc":{"start":{"line":7,"column":43},"end":{"line":7,"column":58}}},"2":{"name":"(anonymous_2)","decl":{"start":{"line":9,"column":18},"end":{"line":9,"column":19}},"loc":{"start":{"line":9,"column":28},"end":{"line":9,"column":34}}},"3":{"name":"(anonymous_3)","decl":{"start":{"line":9,"column":33},"end":{"line":9,"column":34}},"loc":{"start":{"line":9,"column":43},"end":{"line":9,"column":58}}},"4":{"name":"(anonymous_4)","decl":{"start":{"line":11,"column":18},"end":{"line":11,"column":19}},"loc":{"start":{"line":11,"column":28},"end":{"line":11,"column":34}}},"5":{"name":"(anonymous_5)","decl":{"start":{"line":11,"column":33},"end":{"line":11,"column":34}},"loc":{"start":{"line":11,"column":43},"end":{"line":11,"column":58}}},"6":{"name":"(anonymous_6)","decl":{"start":{"line":13,"column":18},"end":{"line":13,"column":19}},"loc":{"start":{"line":13,"column":28},"end":{"line":13,"column":34}}},"7":{"name":"(anonymous_7)","decl":{"start":{"line":13,"column":33},"end":{"line":13,"column":34}},"loc":{"start":{"line":13,"column":43},"end":{"line":13,"column":58}}},"8":{"name":"(anonymous_8)","decl":{"start":{"line":15,"column":18},"end":{"line":15,"column":19}},"loc":{"start":{"line":15,"column":28},"end":{"line":15,"column":34}}},"9":{"name":"(anonymous_9)","decl":{"start":{"line":15,"column":33},"end":{"line":15,"column":34}},"loc":{"start":{"line":15,"column":43},"end":{"line":15,"column":58}}}},"branchMap":{},"s":{"0":4,"1":1,"2":1,"3":4,"4":19,"5":19,"6":4,"7":1,"8":1,"9":4,"10":2,"11":2,"12":4,"13":2,"14":2},"f":{"0":1,"1":1,"2":19,"3":19,"4":1,"5":1,"6":2,"7":2,"8":2,"9":2},"b":{}}
,"/Users/k11kirky/Work/AirGrid/edgekit/src/engine/reducers.ts": {"path":"/Users/k11kirky/Work/AirGrid/edgekit/src/engine/reducers.ts","statementMap":{"0":{"start":{"line":3,"column":13},"end":{"line":3,"column":79}},"1":{"start":{"line":3,"column":27},"end":{"line":3,"column":79}},"2":{"start":{"line":3,"column":62},"end":{"line":3,"column":79}}},"fnMap":{"0":{"name":"(anonymous_0)","decl":{"start":{"line":3,"column":21},"end":{"line":3,"column":27}},"loc":{"start":{"line":3,"column":21},"end":{"line":3,"column":28}}},"1":{"name":"(anonymous_1)","decl":{"start":{"line":3,"column":27},"end":{"line":3,"column":28}},"loc":{"start":{"line":3,"column":49},"end":{"line":3,"column":71}}}},"branchMap":{},"s":{"0":4,"1":25,"2":25},"f":{"0":25,"1":25},"b":{}}
,"/Users/k11kirky/Work/AirGrid/edgekit/src/engine/translate.ts": {"path":"/Users/k11kirky/Work/AirGrid/edgekit/src/engine/translate.ts","statementMap":{"0":{"start":{"line":3,"column":13},"end":{"line":29,"column":2}},"1":{"start":{"line":6,"column":37},"end":{"line":26,"column":4}},"2":{"start":{"line":28,"column":2},"end":{"line":28,"column":21}}},"fnMap":{"0":{"name":"(anonymous_0)","decl":{"start":{"line":3,"column":25},"end":{"line":3,"column":null}},"loc":{"start":{"line":4,"column":40},"end":{"line":29,"column":1}}}},"branchMap":{},"s":{"0":4,"1":16,"2":16},"f":{"0":16},"b":{}}
,"/Users/k11kirky/Work/AirGrid/edgekit/src/features/index.ts": {"path":"/Users/k11kirky/Work/AirGrid/edgekit/src/features/index.ts","statementMap":{"0":{"start":{"line":3,"column":31},"end":{"line":24,"column":1}},"1":{"start":{"line":4,"column":2},"end":{"line":23,"column":5}},"2":{"start":{"line":5,"column":4},"end":{"line":22,"column":9}},"3":{"start":{"line":5,"column":12},"end":{"line":22,"column":6}},"4":{"start":{"line":8,"column":14},"end":{"line":8,"column":23}},"5":{"start":{"line":10,"column":16},"end":{"line":10,"column":36}},"6":{"start":{"line":10,"column":8},"end":{"line":10,"column":36}},"7":{"start":{"line":11,"column":8},"end":{"line":11,"column":22}},"8":{"start":{"line":13,"column":8},"end":{"line":13,"column":19}},"9":{"start":{"line":14,"column":8},"end":{"line":14,"column":21}},"10":{"start":{"line":17,"column":6},"end":{"line":21,"column":8}},"11":{"start":{"line":26,"column":13},"end":{"line":32,"column":2}},"12":{"start":{"line":27,"column":41},"end":{"line":32,"column":2}},"13":{"start":{"line":29,"column":8},"end":{"line":29,"column":68}},"14":{"start":{"line":30,"column":19},"end":{"line":30,"column":null}},"15":{"start":{"line":30,"column":8},"end":{"line":30,"column":null}},"16":{"start":{"line":31,"column":2},"end":{"line":31,"column":18}}},"fnMap":{"0":{"name":"(anonymous_0)","decl":{"start":{"line":3,"column":31},"end":{"line":3,"column":32}},"loc":{"start":{"line":3,"column":71},"end":{"line":24,"column":1}}},"1":{"name":"(anonymous_1)","decl":{"start":{"line":4,"column":32},"end":{"line":4,"column":33}},"loc":{"start":{"line":4,"column":39},"end":{"line":23,"column":3}}},"2":{"name":"(anonymous_2)","decl":{"start":{"line":5,"column":12},"end":{"line":5,"column":null}},"loc":{"start":{"line":5,"column":12},"end":{"line":22,"column":6}}},"3":{"name":"(anonymous_5)","decl":{"start":{"line":26,"column":31},"end":{"line":26,"column":null}},"loc":{"start":{"line":27,"column":41},"end":{"line":32,"column":2}}},"4":{"name":"(anonymous_6)","decl":{"start":{"line":27,"column":41},"end":{"line":27,"column":null}},"loc":{"start":{"line":27,"column":41},"end":{"line":32,"column":2}}}},"branchMap":{"0":{"loc":{"start":{"line":17,"column":6},"end":{"line":21,"column":8}},"type":"switch","locations":[{"start":{"line":17,"column":6},"end":{"line":21,"column":8}}]}},"s":{"0":4,"1":12,"2":12,"3":12,"4":12,"5":12,"6":12,"7":12,"8":0,"9":0,"10":12,"11":4,"12":12,"13":12,"14":12,"15":12,"16":12},"f":{"0":12,"1":12,"2":24,"3":12,"4":12},"b":{"0":[12]}}
,"/Users/k11kirky/Work/AirGrid/edgekit/src/store/audience.ts": {"path":"/Users/k11kirky/Work/AirGrid/edgekit/src/store/audience.ts","statementMap":{"0":{"start":{"line":1,"column":0},"end":{"line":1,"column":53}},"1":{"start":{"line":2,"column":0},"end":{"line":2,"column":52}},"2":{"start":{"line":4,"column":0},"end":{"line":4,"column":null}},"3":{"start":{"line":9,"column":4},"end":{"line":9,"column":31}},"4":{"start":{"line":10,"column":4},"end":{"line":10,"column":33}},"5":{"start":{"line":11,"column":4},"end":{"line":11,"column":17}},"6":{"start":{"line":14,"column":2},"end":{"line":31,"column":null}},"7":{"start":{"line":16,"column":6},"end":{"line":16,"column":54}},"8":{"start":{"line":17,"column":31},"end":{"line":24,"column":8}},"9":{"start":{"line":18,"column":28},"end":{"line":18,"column":67}},"10":{"start":{"line":20,"column":8},"end":{"line":22,"column":null}},"11":{"start":{"line":25,"column":33},"end":{"line":26,"column":null}},"12":{"start":{"line":26,"column":20},"end":{"line":26,"column":null}},"13":{"start":{"line":28,"column":4},"end":{"line":28,"column":47}},"14":{"start":{"line":29,"column":4},"end":{"line":29,"column":51}},"15":{"start":{"line":30,"column":4},"end":{"line":30,"column":17}},"16":{"start":{"line":33,"column":2},"end":{"line":36,"column":null}},"17":{"start":{"line":34,"column":4},"end":{"line":34,"column":70}},"18":{"start":{"line":35,"column":4},"end":{"line":35,"column":75}},"19":{"start":{"line":38,"column":2},"end":{"line":51,"column":null}},"20":{"start":{"line":41,"column":4},"end":{"line":41,"column":51}},"21":{"start":{"line":41,"column":44},"end":{"line":41,"column":51}},"22":{"start":{"line":42,"column":29},"end":{"line":44,"column":null}},"23":{"start":{"line":46,"column":4},"end":{"line":46,"column":48}},"24":{"start":{"line":47,"column":4},"end":{"line":49,"column":6}},"25":{"start":{"line":48,"column":20},"end":{"line":48,"column":null}},"26":{"start":{"line":50,"column":4},"end":{"line":50,"column":17}},"27":{"start":{"line":52,"column":0},"end":{"line":52,"column":null}},"28":{"start":{"line":54,"column":13},"end":{"line":54,"column":49}}},"fnMap":{"0":{"name":"(anonymous_0)","decl":{"start":{"line":4,"column":0},"end":{"line":4,"column":null}},"loc":{"start":{"line":4,"column":0},"end":{"line":52,"column":null}}},"1":{"name":"AudienceStore","decl":{"start":{"line":8,"column":2},"end":{"line":8,"column":null}},"loc":{"start":{"line":8,"column":2},"end":{"line":12,"column":3}}},"2":{"name":"(anonymous_2)","decl":{"start":{"line":14,"column":2},"end":{"line":14,"column":7}},"loc":{"start":{"line":14,"column":2},"end":{"line":31,"column":3}}},"3":{"name":"(anonymous_3)","decl":{"start":{"line":18,"column":14},"end":{"line":18,"column":15}},"loc":{"start":{"line":18,"column":23},"end":{"line":18,"column":36}}},"4":{"name":"(anonymous_4)","decl":{"start":{"line":19,"column":11},"end":{"line":19,"column":12}},"loc":{"start":{"line":19,"column":20},"end":{"line":24,"column":7}}},"5":{"name":"(anonymous_5)","decl":{"start":{"line":26,"column":6},"end":{"line":26,"column":7}},"loc":{"start":{"line":26,"column":15},"end":{"line":26,"column":28}}},"6":{"name":"(anonymous_6)","decl":{"start":{"line":33,"column":2},"end":{"line":33,"column":7}},"loc":{"start":{"line":33,"column":2},"end":{"line":36,"column":3}}},"7":{"name":"(anonymous_7)","decl":{"start":{"line":38,"column":2},"end":{"line":38,"column":21}},"loc":{"start":{"line":38,"column":62},"end":{"line":51,"column":3}}},"8":{"name":"(anonymous_8)","decl":{"start":{"line":48,"column":6},"end":{"line":48,"column":7}},"loc":{"start":{"line":48,"column":15},"end":{"line":48,"column":28}}}},"branchMap":{"0":{"loc":{"start":{"line":16,"column":6},"end":{"line":16,"column":48}},"type":"binary-expr","locations":[{"start":{"line":16,"column":6},"end":{"line":16,"column":48}},{"start":{"line":16,"column":52},"end":{"line":16,"column":54}}]},"1":{"loc":{"start":{"line":41,"column":4},"end":{"line":41,"column":51}},"type":"if","locations":[{"start":{"line":41,"column":4},"end":{"line":41,"column":51}},{"start":{"line":41,"column":4},"end":{"line":41,"column":51}}]}},"s":{"0":3,"1":3,"2":3,"3":3,"4":3,"5":3,"6":3,"7":6,"8":6,"9":0,"10":0,"11":6,"12":0,"13":6,"14":6,"15":6,"16":3,"17":9,"18":9,"19":3,"20":11,"21":8,"22":3,"23":3,"24":3,"25":3,"26":3,"27":3,"28":3},"f":{"0":3,"1":3,"2":6,"3":0,"4":0,"5":0,"6":9,"7":11,"8":3},"b":{"0":[6,6],"1":[8,3]}}
,"/Users/k11kirky/Work/AirGrid/edgekit/src/store/index.ts": {"path":"/Users/k11kirky/Work/AirGrid/edgekit/src/store/index.ts","statementMap":{"0":{"start":{"line":1,"column":0},"end":{"line":1,"column":9}},"1":{"start":{"line":1,"column":9},"end":{"line":1,"column":43}},"2":{"start":{"line":2,"column":0},"end":{"line":2,"column":9}},"3":{"start":{"line":2,"column":9},"end":{"line":2,"column":39}}},"fnMap":{"0":{"name":"(anonymous_0)","decl":{"start":{"line":1,"column":9},"end":{"line":1,"column":22}},"loc":{"start":{"line":1,"column":9},"end":{"line":1,"column":43}}},"1":{"name":"(anonymous_1)","decl":{"start":{"line":2,"column":9},"end":{"line":2,"column":18}},"loc":{"start":{"line":2,"column":9},"end":{"line":2,"column":39}}}},"branchMap":{},"s":{"0":3,"1":34,"2":3,"3":33},"f":{"0":31,"1":30},"b":{}}
,"/Users/k11kirky/Work/AirGrid/edgekit/src/store/pageview.ts": {"path":"/Users/k11kirky/Work/AirGrid/edgekit/src/store/pageview.ts","statementMap":{"0":{"start":{"line":1,"column":0},"end":{"line":1,"column":59}},"1":{"start":{"line":2,"column":0},"end":{"line":2,"column":52}},"2":{"start":{"line":4,"column":0},"end":{"line":4,"column":null}},"3":{"start":{"line":8,"column":4},"end":{"line":8,"column":24}},"4":{"start":{"line":9,"column":4},"end":{"line":9,"column":17}},"5":{"start":{"line":12,"column":2},"end":{"line":14,"column":null}},"6":{"start":{"line":13,"column":4},"end":{"line":13,"column":63}},"7":{"start":{"line":16,"column":2},"end":{"line":18,"column":null}},"8":{"start":{"line":17,"column":4},"end":{"line":17,"column":56}},"9":{"start":{"line":20,"column":2},"end":{"line":37,"column":null}},"10":{"start":{"line":21,"column":15},"end":{"line":21,"column":32}},"11":{"start":{"line":23,"column":21},"end":{"line":29,"column":38}},"12":{"start":{"line":24,"column":6},"end":{"line":27,"column":null}},"13":{"start":{"line":25,"column":8},"end":{"line":25,"column":36}},"14":{"start":{"line":26,"column":8},"end":{"line":26,"column":19}},"15":{"start":{"line":28,"column":6},"end":{"line":28,"column":17}},"16":{"start":{"line":31,"column":4},"end":{"line":31,"column":59}},"17":{"start":{"line":31,"column":42},"end":{"line":31,"column":59}},"18":{"start":{"line":33,"column":4},"end":{"line":36,"column":6}},"19":{"start":{"line":39,"column":2},"end":{"line":44,"column":null}},"20":{"start":{"line":40,"column":21},"end":{"line":40,"column":59}},"21":{"start":{"line":41,"column":4},"end":{"line":41,"column":26}},"22":{"start":{"line":41,"column":19},"end":{"line":41,"column":26}},"23":{"start":{"line":42,"column":4},"end":{"line":42,"column":34}},"24":{"start":{"line":43,"column":4},"end":{"line":43,"column":17}},"25":{"start":{"line":45,"column":0},"end":{"line":45,"column":null}},"26":{"start":{"line":47,"column":13},"end":{"line":47,"column":41}}},"fnMap":{"0":{"name":"(anonymous_0)","decl":{"start":{"line":4,"column":0},"end":{"line":4,"column":null}},"loc":{"start":{"line":4,"column":0},"end":{"line":45,"column":null}}},"1":{"name":"ViewStore","decl":{"start":{"line":7,"column":2},"end":{"line":7,"column":null}},"loc":{"start":{"line":7,"column":2},"end":{"line":10,"column":3}}},"2":{"name":"(anonymous_2)","decl":{"start":{"line":12,"column":2},"end":{"line":12,"column":7}},"loc":{"start":{"line":12,"column":2},"end":{"line":14,"column":3}}},"3":{"name":"(anonymous_3)","decl":{"start":{"line":16,"column":2},"end":{"line":16,"column":7}},"loc":{"start":{"line":16,"column":2},"end":{"line":18,"column":3}}},"4":{"name":"(anonymous_4)","decl":{"start":{"line":20,"column":2},"end":{"line":20,"column":21}},"loc":{"start":{"line":20,"column":49},"end":{"line":37,"column":3}}},"5":{"name":"(anonymous_5)","decl":{"start":{"line":23,"column":41},"end":{"line":23,"column":42}},"loc":{"start":{"line":23,"column":51},"end":{"line":29,"column":5}}},"6":{"name":"(anonymous_6)","decl":{"start":{"line":39,"column":2},"end":{"line":39,"column":8}},"loc":{"start":{"line":39,"column":36},"end":{"line":44,"column":3}}}},"branchMap":{"0":{"loc":{"start":{"line":13,"column":21},"end":{"line":13,"column":56}},"type":"binary-expr","locations":[{"start":{"line":13,"column":21},"end":{"line":13,"column":56}},{"start":{"line":13,"column":60},"end":{"line":13,"column":62}}]},"1":{"loc":{"start":{"line":24,"column":6},"end":{"line":27,"column":null}},"type":"if","locations":[{"start":{"line":24,"column":6},"end":{"line":27,"column":null}},{"start":{"line":24,"column":6},"end":{"line":27,"column":null}}]},"2":{"loc":{"start":{"line":31,"column":4},"end":{"line":31,"column":59}},"type":"if","locations":[{"start":{"line":31,"column":4},"end":{"line":31,"column":59}},{"start":{"line":31,"column":4},"end":{"line":31,"column":59}}]},"3":{"loc":{"start":{"line":41,"column":4},"end":{"line":41,"column":26}},"type":"if","locations":[{"start":{"line":41,"column":4},"end":{"line":41,"column":26}},{"start":{"line":41,"column":4},"end":{"line":41,"column":26}}]}},"s":{"0":3,"1":3,"2":3,"3":3,"4":3,"5":3,"6":6,"7":3,"8":11,"9":3,"10":11,"11":11,"12":11,"13":11,"14":11,"15":0,"16":11,"17":0,"18":11,"19":3,"20":11,"21":11,"22":0,"23":11,"24":11,"25":3,"26":3},"f":{"0":3,"1":3,"2":6,"3":11,"4":11,"5":11,"6":11},"b":{"0":[6,3],"1":[11,0],"2":[0,11],"3":[0,11]}}
,"/Users/k11kirky/Work/AirGrid/edgekit/src/utils/index.ts": {"path":"/Users/k11kirky/Work/AirGrid/edgekit/src/utils/index.ts","statementMap":{"0":{"start":{"line":1,"column":13},"end":{"line":1,"column":75}},"1":{"start":{"line":1,"column":45},"end":{"line":1,"column":75}},"2":{"start":{"line":3,"column":12},"end":{"line":12,"column":1}},"3":{"start":{"line":4,"column":16},"end":{"line":4,"column":41}},"4":{"start":{"line":5,"column":2},"end":{"line":5,"column":31}},"5":{"start":{"line":5,"column":14},"end":{"line":5,"column":31}},"6":{"start":{"line":7,"column":2},"end":{"line":11,"column":null}},"7":{"start":{"line":8,"column":4},"end":{"line":8,"column":29}},"8":{"start":{"line":10,"column":4},"end":{"line":10,"column":21}},"9":{"start":{"line":14,"column":12},"end":{"line":21,"column":1}},"10":{"start":{"line":15,"column":2},"end":{"line":20,"column":null}},"11":{"start":{"line":16,"column":23},"end":{"line":16,"column":44}},"12":{"start":{"line":17,"column":4},"end":{"line":17,"column":42}},"13":{"start":{"line":23,"column":13},"end":{"line":26,"column":2}}},"fnMap":{"0":{"name":"(anonymous_0)","decl":{"start":{"line":1,"column":31},"end":{"line":1,"column":45}},"loc":{"start":{"line":1,"column":31},"end":{"line":1,"column":49}}},"1":{"name":"(anonymous_1)","decl":{"start":{"line":3,"column":12},"end":{"line":3,"column":13}},"loc":{"start":{"line":3,"column":24},"end":{"line":12,"column":1}}},"2":{"name":"(anonymous_2)","decl":{"start":{"line":14,"column":12},"end":{"line":14,"column":13}},"loc":{"start":{"line":14,"column":36},"end":{"line":21,"column":1}}}},"branchMap":{"0":{"loc":{"start":{"line":5,"column":2},"end":{"line":5,"column":31}},"type":"if","locations":[{"start":{"line":5,"column":2},"end":{"line":5,"column":31}},{"start":{"line":5,"column":2},"end":{"line":5,"column":31}}]}},"s":{"0":3,"1":48,"2":3,"3":12,"4":12,"5":9,"6":3,"7":3,"8":0,"9":3,"10":29,"11":29,"12":29,"13":3},"f":{"0":48,"1":12,"2":29},"b":{"0":[9,3]}}
,"/Users/k11kirky/Work/AirGrid/edgekit/types/index.ts": {"path":"/Users/k11kirky/Work/AirGrid/edgekit/types/index.ts","statementMap":{"0":{"start":{"line":3,"column":0},"end":{"line":3,"column":null}},"1":{"start":{"line":4,"column":2},"end":{"line":4,"column":null}},"2":{"start":{"line":5,"column":2},"end":{"line":5,"column":null}},"3":{"start":{"line":6,"column":2},"end":{"line":6,"column":null}}},"fnMap":{"0":{"name":"(anonymous_0)","decl":{"start":{"line":3,"column":0},"end":{"line":3,"column":12}},"loc":{"start":{"line":3,"column":23},"end":{"line":7,"column":1}}}},"branchMap":{"0":{"loc":{"start":{"line":3,"column":12},"end":{"line":3,"column":23}},"type":"binary-expr","locations":[{"start":{"line":3,"column":12},"end":{"line":3,"column":23}},{"start":{"line":3,"column":12},"end":{"line":3,"column":null}}]}},"s":{"0":3,"1":3,"2":3,"3":3},"f":{"0":3},"b":{"0":[3,3]}}
}
