TN:
SF:src/index.ts
FN:14,(anonymous_0)
FN:14,(anonymous_1)
FN:20,(anonymous_3)
FN:23,(anonymous_4)
FN:29,(anonymous_5)
FN:38,(anonymous_6)
FN:43,(anonymous_7)
FNF:7
FNH:6
FNDA:4,(anonymous_0)
FNDA:4,(anonymous_1)
FNDA:9,(anonymous_3)
FNDA:9,(anonymous_4)
FNDA:9,(anonymous_5)
FNDA:9,(anonymous_6)
FNDA:0,(anonymous_7)
DA:1,1
DA:2,1
DA:3,1
DA:4,1
DA:14,4
DA:15,4
DA:16,4
DA:17,4
DA:19,4
DA:21,9
DA:24,9
DA:30,9
DA:38,9
DA:40,4
DA:43,1
DA:44,0
DA:47,1
DA:53,1
LF:18
LH:17
BRF:0
BRH:0
end_of_record
TN:
SF:src/audiences/index.ts
FNF:0
FNH:0
DA:2,1
DA:3,1
DA:4,1
DA:6,1
DA:7,1
DA:8,1
DA:10,1
DA:19,1
DA:28,1
DA:37,1
LF:10
LH:10
BRF:0
BRH:0
end_of_record
TN:
SF:src/audiences/interest/automotive/keywords.ts
FNF:0
FNH:0
DA:1,1
LF:1
LH:1
BRF:0
BRH:0
end_of_record
TN:
SF:src/audiences/interest/sport/keywords.ts
FNF:0
FNH:0
DA:1,1
LF:1
LH:1
BRF:0
BRH:0
end_of_record
TN:
SF:src/audiences/interest/travel/keywords.ts
FNF:0
FNH:0
DA:1,1
LF:1
LH:1
BRF:0
BRH:0
end_of_record
TN:
SF:src/engine/condition.ts
FN:5,(anonymous_0)
FN:5,(anonymous_1)
FN:10,(anonymous_2)
FN:11,(anonymous_3)
FN:13,(anonymous_4)
FN:18,(anonymous_5)
FNF:6
FNH:6
FNDA:18,(anonymous_0)
FNDA:18,(anonymous_1)
FNDA:18,(anonymous_2)
FNDA:39,(anonymous_3)
FNDA:91,(anonymous_4)
FNDA:18,(anonymous_5)
DA:2,2
DA:3,2
DA:5,18
DA:8,36
DA:9,18
DA:11,18
DA:12,39
DA:13,91
DA:18,18
DA:21,18
DA:22,18
DA:23,18
DA:24,18
DA:26,18
DA:29,18
DA:32,2
LF:16
LH:16
BRF:0
BRH:0
end_of_record
TN:
SF:src/engine/index.ts
FN:19,(anonymous_0)
FN:5,(anonymous_1)
FN:10,(anonymous_2)
FNF:3
FNH:3
FNDA:9,(anonymous_0)
FNDA:18,(anonymous_1)
FNDA:18,(anonymous_2)
DA:2,2
DA:3,2
DA:5,2
DA:8,36
DA:10,18
DA:11,18
DA:14,18
DA:19,11
LF:8
LH:8
BRDA:8,0,0,18
BRDA:8,0,1,0
BRDA:15,1,0,0
BRDA:15,1,1,18
BRF:4
BRH:2
end_of_record
TN:
SF:src/engine/matchers.ts
FN:7,(anonymous_0)
FN:7,(anonymous_1)
FN:9,(anonymous_2)
FN:9,(anonymous_3)
FN:11,(anonymous_4)
FN:11,(anonymous_5)
FN:13,(anonymous_6)
FN:13,(anonymous_7)
FN:15,(anonymous_8)
FN:15,(anonymous_9)
FNF:10
FNH:10
FNDA:1,(anonymous_0)
FNDA:1,(anonymous_1)
FNDA:12,(anonymous_2)
FNDA:12,(anonymous_3)
FNDA:1,(anonymous_4)
FNDA:1,(anonymous_5)
FNDA:2,(anonymous_6)
FNDA:2,(anonymous_7)
FNDA:2,(anonymous_8)
FNDA:2,(anonymous_9)
DA:7,2
DA:9,12
DA:11,2
DA:13,2
DA:15,2
LF:5
LH:5
BRF:0
BRH:0
end_of_record
TN:
SF:src/engine/reducers.ts
FN:3,(anonymous_0)
FN:3,(anonymous_1)
FNF:2
FNH:2
FNDA:18,(anonymous_0)
FNDA:18,(anonymous_1)
DA:3,18
LF:1
LH:1
BRF:0
BRH:0
end_of_record
TN:
SF:src/engine/translate.ts
FN:3,(anonymous_0)
FNF:1
FNH:1
FNDA:9,(anonymous_0)
DA:3,2
DA:6,9
DA:28,9
LF:3
LH:3
BRF:0
BRH:0
end_of_record
TN:
SF:src/features/index.ts
FN:3,(anonymous_0)
FN:4,(anonymous_1)
FN:5,(anonymous_2)
FN:26,(anonymous_5)
FN:27,(anonymous_6)
FNF:5
FNH:5
FNDA:5,(anonymous_0)
FNDA:5,(anonymous_1)
FNDA:10,(anonymous_2)
FNDA:5,(anonymous_5)
FNDA:5,(anonymous_6)
DA:3,2
DA:4,5
DA:5,5
DA:8,5
DA:10,5
DA:11,5
DA:13,0
DA:14,0
DA:17,5
DA:26,2
DA:27,5
DA:29,5
DA:30,5
DA:31,5
LF:14
LH:12
BRDA:17,0,0,5
BRF:1
BRH:1
end_of_record
TN:
SF:src/store/audience.ts
FN:4,(anonymous_0)
FN:8,AudienceStore
FN:14,(anonymous_2)
FN:18,(anonymous_3)
FN:19,(anonymous_4)
FN:26,(anonymous_5)
FN:33,(anonymous_6)
FN:38,(anonymous_7)
FN:48,(anonymous_8)
FNF:9
FNH:6
FNDA:1,(anonymous_0)
FNDA:1,AudienceStore
FNDA:1,(anonymous_2)
FNDA:0,(anonymous_3)
FNDA:0,(anonymous_4)
FNDA:0,(anonymous_5)
FNDA:2,(anonymous_6)
FNDA:4,(anonymous_7)
FNDA:1,(anonymous_8)
DA:1,1
DA:2,1
DA:4,1
DA:9,1
DA:10,1
DA:11,1
DA:14,1
DA:16,1
DA:17,1
DA:18,0
DA:20,0
DA:25,1
DA:26,0
DA:28,1
DA:29,1
DA:30,1
DA:33,1
DA:34,2
DA:35,2
DA:38,1
DA:41,4
DA:42,1
DA:46,1
DA:47,1
DA:48,1
DA:50,1
DA:52,1
DA:54,1
LF:28
LH:25
BRDA:16,0,0,1
BRDA:16,0,1,1
BRDA:41,1,0,3
BRDA:41,1,1,1
BRF:4
BRH:4
end_of_record
TN:
SF:src/store/index.ts
FN:1,(anonymous_0)
FN:2,(anonymous_1)
FNF:2
FNH:2
FNDA:13,(anonymous_0)
FNDA:13,(anonymous_1)
DA:1,14
DA:2,14
LF:2
LH:2
BRF:0
BRH:0
end_of_record
TN:
SF:src/store/pageview.ts
FN:4,(anonymous_0)
FN:7,ViewStore
FN:12,(anonymous_2)
FN:16,(anonymous_3)
FN:20,(anonymous_4)
FN:23,(anonymous_5)
FN:39,(anonymous_6)
FNF:7
FNH:7
FNDA:1,(anonymous_0)
FNDA:1,ViewStore
FNDA:1,(anonymous_2)
FNDA:4,(anonymous_3)
FNDA:4,(anonymous_4)
FNDA:4,(anonymous_5)
FNDA:4,(anonymous_6)
DA:1,1
DA:2,1
DA:4,1
DA:8,1
DA:9,1
DA:12,1
DA:13,1
DA:16,1
DA:17,4
DA:20,1
DA:21,4
DA:23,4
DA:24,4
DA:25,4
DA:26,4
DA:28,0
DA:31,4
DA:33,4
DA:39,1
DA:40,4
DA:41,4
DA:42,4
DA:43,4
DA:45,1
DA:47,1
LF:25
LH:24
BRDA:13,0,0,1
BRDA:13,0,1,1
BRDA:24,1,0,4
BRDA:24,1,1,0
BRDA:31,2,0,0
BRDA:31,2,1,4
BRDA:41,3,0,0
BRDA:41,3,1,4
BRF:8
BRH:5
end_of_record
TN:
SF:src/utils/index.ts
FN:1,(anonymous_0)
FN:3,(anonymous_1)
FN:14,(anonymous_2)
FNF:3
FNH:3
FNDA:22,(anonymous_0)
FNDA:2,(anonymous_1)
FNDA:8,(anonymous_2)
DA:1,22
DA:3,1
DA:4,2
DA:5,2
DA:7,0
DA:8,0
DA:10,0
DA:14,1
DA:15,8
DA:16,8
DA:17,8
DA:23,1
LF:12
LH:9
BRDA:5,0,0,2
BRDA:5,0,1,0
BRF:2
BRH:1
end_of_record
TN:
SF:types/index.ts
FN:3,(anonymous_0)
FNF:1
FNH:1
FNDA:1,(anonymous_0)
DA:3,1
DA:4,1
DA:5,1
DA:6,1
LF:4
LH:4
BRDA:3,0,0,1
BRDA:3,0,1,1
BRF:2
BRH:2
end_of_record
