TN:
SF:src/index.ts
FN:14,(anonymous_0)
FN:14,(anonymous_1)
FN:20,(anonymous_3)
FN:23,(anonymous_4)
FN:29,(anonymous_5)
FN:38,(anonymous_6)
FN:43,(anonymous_7)
FNF:7
FNH:7
FNDA:11,(anonymous_0)
FNDA:11,(anonymous_1)
FNDA:16,(anonymous_3)
FNDA:16,(anonymous_4)
FNDA:16,(anonymous_5)
FNDA:16,(anonymous_6)
FNDA:1,(anonymous_7)
DA:1,3
DA:2,3
DA:3,3
DA:4,3
DA:14,11
DA:15,11
DA:16,11
DA:17,11
DA:19,11
DA:21,16
DA:24,16
DA:30,16
DA:38,16
DA:40,11
DA:43,3
DA:44,1
DA:47,3
DA:53,3
LF:18
LH:18
BRF:0
BRH:0
end_of_record
TN:
SF:src/audiences/index.ts
FNF:0
FNH:0
DA:2,3
DA:3,3
DA:4,3
DA:6,3
DA:7,3
DA:8,3
DA:10,3
DA:19,3
DA:28,3
DA:37,3
LF:10
LH:10
BRF:0
BRH:0
end_of_record
TN:
SF:src/audiences/interest/automotive/keywords.ts
FNF:0
FNH:0
DA:1,3
LF:1
LH:1
BRF:0
BRH:0
end_of_record
TN:
SF:src/audiences/interest/sport/keywords.ts
FNF:0
FNH:0
DA:1,3
LF:1
LH:1
BRF:0
BRH:0
end_of_record
TN:
SF:src/audiences/interest/travel/keywords.ts
FNF:0
FNH:0
DA:1,3
LF:1
LH:1
BRF:0
BRH:0
end_of_record
TN:
SF:src/engine/condition.ts
FN:5,(anonymous_0)
FN:5,(anonymous_1)
FN:10,(anonymous_2)
FN:11,(anonymous_3)
FN:13,(anonymous_4)
FN:18,(anonymous_5)
FNF:6
FNH:6
FNDA:25,(anonymous_0)
FNDA:25,(anonymous_1)
FNDA:25,(anonymous_2)
FNDA:57,(anonymous_3)
FNDA:139,(anonymous_4)
FNDA:25,(anonymous_5)
DA:2,4
DA:3,4
DA:5,25
DA:8,50
DA:9,25
DA:11,25
DA:12,57
DA:13,139
DA:18,25
DA:21,25
DA:22,25
DA:23,25
DA:24,25
DA:26,25
DA:29,25
DA:32,4
LF:16
LH:16
BRF:0
BRH:0
end_of_record
TN:
SF:src/engine/index.ts
FN:19,(anonymous_0)
FN:5,(anonymous_1)
FN:10,(anonymous_2)
FNF:3
FNH:3
FNDA:16,(anonymous_0)
FNDA:25,(anonymous_1)
FNDA:25,(anonymous_2)
DA:2,4
DA:3,4
DA:5,4
DA:8,50
DA:10,25
DA:11,25
DA:14,25
DA:19,20
LF:8
LH:8
BRDA:8,0,0,25
BRDA:8,0,1,0
BRDA:15,1,0,0
BRDA:15,1,1,25
BRF:4
BRH:2
end_of_record
TN:
SF:src/engine/matchers.ts
FN:7,(anonymous_0)
FN:7,(anonymous_1)
FN:9,(anonymous_2)
FN:9,(anonymous_3)
FN:11,(anonymous_4)
FN:11,(anonymous_5)
FN:13,(anonymous_6)
FN:13,(anonymous_7)
FN:15,(anonymous_8)
FN:15,(anonymous_9)
FNF:10
FNH:10
FNDA:1,(anonymous_0)
FNDA:1,(anonymous_1)
FNDA:19,(anonymous_2)
FNDA:19,(anonymous_3)
FNDA:1,(anonymous_4)
FNDA:1,(anonymous_5)
FNDA:2,(anonymous_6)
FNDA:2,(anonymous_7)
FNDA:2,(anonymous_8)
FNDA:2,(anonymous_9)
DA:7,4
DA:9,19
DA:11,4
DA:13,4
DA:15,4
LF:5
LH:5
BRF:0
BRH:0
end_of_record
TN:
SF:src/engine/reducers.ts
FN:3,(anonymous_0)
FN:3,(anonymous_1)
FNF:2
FNH:2
FNDA:25,(anonymous_0)
FNDA:25,(anonymous_1)
DA:3,25
LF:1
LH:1
BRF:0
BRH:0
end_of_record
TN:
SF:src/engine/translate.ts
FN:3,(anonymous_0)
FNF:1
FNH:1
FNDA:16,(anonymous_0)
DA:3,4
DA:6,16
DA:28,16
LF:3
LH:3
BRF:0
BRH:0
end_of_record
TN:
SF:src/features/index.ts
FN:3,(anonymous_0)
FN:4,(anonymous_1)
FN:5,(anonymous_2)
FN:26,(anonymous_5)
FN:27,(anonymous_6)
FNF:5
FNH:5
FNDA:12,(anonymous_0)
FNDA:12,(anonymous_1)
FNDA:24,(anonymous_2)
FNDA:12,(anonymous_5)
FNDA:12,(anonymous_6)
DA:3,4
DA:4,12
DA:5,12
DA:8,12
DA:10,12
DA:11,12
DA:13,0
DA:14,0
DA:17,12
DA:26,4
DA:27,12
DA:29,12
DA:30,12
DA:31,12
LF:14
LH:12
BRDA:17,0,0,12
BRF:1
BRH:1
end_of_record
TN:
SF:src/store/audience.ts
FN:4,(anonymous_0)
FN:8,AudienceStore
FN:14,(anonymous_2)
FN:18,(anonymous_3)
FN:19,(anonymous_4)
FN:26,(anonymous_5)
FN:33,(anonymous_6)
FN:38,(anonymous_7)
FN:48,(anonymous_8)
FNF:9
FNH:6
FNDA:3,(anonymous_0)
FNDA:3,AudienceStore
FNDA:6,(anonymous_2)
FNDA:0,(anonymous_3)
FNDA:0,(anonymous_4)
FNDA:0,(anonymous_5)
FNDA:9,(anonymous_6)
FNDA:11,(anonymous_7)
FNDA:3,(anonymous_8)
DA:1,3
DA:2,3
DA:4,3
DA:9,3
DA:10,3
DA:11,3
DA:14,3
DA:16,6
DA:17,6
DA:18,0
DA:20,0
DA:25,6
DA:26,0
DA:28,6
DA:29,6
DA:30,6
DA:33,3
DA:34,9
DA:35,9
DA:38,3
DA:41,11
DA:42,3
DA:46,3
DA:47,3
DA:48,3
DA:50,3
DA:52,3
DA:54,3
LF:28
LH:25
BRDA:16,0,0,6
BRDA:16,0,1,6
BRDA:41,1,0,8
BRDA:41,1,1,3
BRF:4
BRH:4
end_of_record
TN:
SF:src/store/index.ts
FN:1,(anonymous_0)
FN:2,(anonymous_1)
FNF:2
FNH:2
FNDA:31,(anonymous_0)
FNDA:30,(anonymous_1)
DA:1,34
DA:2,33
LF:2
LH:2
BRF:0
BRH:0
end_of_record
TN:
SF:src/store/pageview.ts
FN:4,(anonymous_0)
FN:7,ViewStore
FN:12,(anonymous_2)
FN:16,(anonymous_3)
FN:20,(anonymous_4)
FN:23,(anonymous_5)
FN:39,(anonymous_6)
FNF:7
FNH:7
FNDA:3,(anonymous_0)
FNDA:3,ViewStore
FNDA:6,(anonymous_2)
FNDA:11,(anonymous_3)
FNDA:11,(anonymous_4)
FNDA:11,(anonymous_5)
FNDA:11,(anonymous_6)
DA:1,3
DA:2,3
DA:4,3
DA:8,3
DA:9,3
DA:12,3
DA:13,6
DA:16,3
DA:17,11
DA:20,3
DA:21,11
DA:23,11
DA:24,11
DA:25,11
DA:26,11
DA:28,0
DA:31,11
DA:33,11
DA:39,3
DA:40,11
DA:41,11
DA:42,11
DA:43,11
DA:45,3
DA:47,3
LF:25
LH:24
BRDA:13,0,0,6
BRDA:13,0,1,3
BRDA:24,1,0,11
BRDA:24,1,1,0
BRDA:31,2,0,0
BRDA:31,2,1,11
BRDA:41,3,0,0
BRDA:41,3,1,11
BRF:8
BRH:5
end_of_record
TN:
SF:src/utils/index.ts
FN:1,(anonymous_0)
FN:3,(anonymous_1)
FN:14,(anonymous_2)
FNF:3
FNH:3
FNDA:48,(anonymous_0)
FNDA:12,(anonymous_1)
FNDA:29,(anonymous_2)
DA:1,48
DA:3,3
DA:4,12
DA:5,12
DA:7,3
DA:8,3
DA:10,0
DA:14,3
DA:15,29
DA:16,29
DA:17,29
DA:23,3
LF:12
LH:11
BRDA:5,0,0,9
BRDA:5,0,1,3
BRF:2
BRH:2
end_of_record
TN:
SF:types/index.ts
FN:3,(anonymous_0)
FNF:1
FNH:1
FNDA:3,(anonymous_0)
DA:3,3
DA:4,3
DA:5,3
DA:6,3
LF:4
LH:4
BRDA:3,0,0,3
BRDA:3,0,1,3
BRF:2
BRH:2
end_of_record
